La génération a démarré 29/06/2016 19:49:04.
     1>Projet "C:\Users\Bastien\Downloads\composant2\Composant2\composant2\composant2.vcxproj" sur le nœud 2 (build cible(s)).
     1>InitializeBuildStatus:
         Création de "Debug\composant2.unsuccessfulbuild", car "AlwaysCreate" a été spécifié.
       ClCompile:
         Toutes les sorties sont à jour.
         C:\Program Files\Microsoft Visual Studio 10.0\VC\bin\CL.exe /c /ZI /nologo /W3 /WX- /Od /Oy- /D WIN32 /D _DEBUG /D _CONSOLE /D _UNICODE /D UNICODE /Gm /EHsc /RTC1 /MDd /GS /fp:precise /Zc:wchar_t /Zc:forScope /Yu"StdAfx.h" /Fp"Debug\composant2.pch" /Fo"Debug\\" /Fd"Debug\vc100.pdb" /Gd /TP /analyze- /errorReport:prompt composant2.cpp main.cpp
         main.cpp
         composant2.cpp
         Génération de code en cours...
       ManifestResourceCompile:
         Toutes les sorties sont à jour.
       Link:
         C:\Program Files\Microsoft Visual Studio 10.0\VC\bin\link.exe /ERRORREPORT:PROMPT /OUT:"C:\Users\Bastien\Downloads\composant2\Composant2\Debug\composant2.exe" /INCREMENTAL /NOLOGO kernel32.lib user32.lib gdi32.lib winspool.lib comdlg32.lib advapi32.lib shell32.lib ole32.lib oleaut32.lib uuid.lib odbc32.lib odbccp32.lib /MANIFEST /ManifestFile:"Debug\composant2.exe.intermediate.manifest" /MANIFESTUAC:"level='asInvoker' uiAccess='false'" /DEBUG /PDB:"C:\Users\Bastien\Downloads\composant2\Composant2\Debug\composant2.pdb" /SUBSYSTEM:CONSOLE /TLBID:1 /DYNAMICBASE /NXCOMPAT /IMPLIB:"C:\Users\Bastien\Downloads\composant2\Composant2\Debug\composant2.lib" /MACHINE:X86 Debug\composant2.exe.embed.manifest.res
         Debug\composant1.obj
         Debug\composant2.obj
         Debug\composant3.obj
         Debug\composant4.obj
         Debug\composant5.obj
         Debug\composant6.obj
         Debug\main.obj
         Debug\stdafx.obj
       Manifest:
         C:\Program Files\Microsoft SDKs\Windows\v7.0A\bin\mt.exe /nologo /verbose /out:"Debug\composant2.exe.embed.manifest" /manifest Debug\composant2.exe.intermediate.manifest
         Toutes les sorties sont à jour.
       LinkEmbedManifest:
         Toutes les sorties sont à jour.
         composant2.vcxproj -> C:\Users\Bastien\Downloads\composant2\Composant2\Debug\composant2.exe
       FinalizeBuildStatus:
         Suppression du fichier "Debug\composant2.unsuccessfulbuild".
         Mise à jour de l'horodatage "Debug\composant2.lastbuildstate".
     1>Génération du projet "C:\Users\Bastien\Downloads\composant2\Composant2\composant2\composant2.vcxproj" terminée (build cible(s)).

La génération a réussi.

Temps écoulé 00:00:04.13
